* using log directory ‘/Users/laks/Documents/Github/jap_proj/Kaggle_recruit_restau/Kaggle_recruit_restau/RecruitPackage/recruitjap.Rcheck’
* using R version 3.5.1 (2018-07-02)
* using platform: x86_64-apple-darwin15.6.0 (64-bit)
* using session charset: UTF-8
* using options ‘--no-manual --as-cran’
* checking for file ‘recruitjap/DESCRIPTION’ ... OK
* this is package ‘recruitjap’ version ‘0.0.0.1000’
* package encoding: UTF-8
* checking package namespace information ... OK
* checking package dependencies ... OK
* checking if this is a source package ... OK
* checking if there is a namespace ... OK
* checking for executable files ... OK
* checking for hidden files and directories ... OK
* checking for portable file names ... OK
* checking for sufficient/correct file permissions ... OK
* checking whether package ‘recruitjap’ can be installed ... OK
* checking installed package size ... OK
* checking package directory ... OK
* checking DESCRIPTION meta-information ... OK
* checking top-level files ... OK
* checking for left-over files ... OK
* checking index information ... OK
* checking package subdirectories ... OK
* checking R files for non-ASCII characters ... OK
* checking R files for syntax errors ... OK
* checking whether the package can be loaded ... OK
* checking whether the package can be loaded with stated dependencies ... OK
* checking whether the package can be unloaded cleanly ... OK
* checking whether the namespace can be loaded with stated dependencies ... OK
* checking whether the namespace can be unloaded cleanly ... OK
* checking loading without being on the library search path ... OK
* checking dependencies in R code ... OK
* checking S3 generic/method consistency ... OK
* checking replacement functions ... OK
* checking foreign function calls ... OK
* checking R code for possible problems ... NOTE
vday_transf: no visible global function definition for ‘%>%’
vday_transf: no visible global function definition for ‘select’
vday_transf: no visible binding for global variable ‘visit_date’
vday_transf: no visible global function definition for ‘map’
vday_transf: no visible binding for global variable ‘str_sub’
vday_transf: no visible binding for global variable ‘as.data.table’
vday_transf: no visible binding for global variable ‘one_hot’
Undefined global functions or variables:
  %>% as.data.table map one_hot select str_sub visit_date
* checking for missing documentation entries ... WARNING
Undocumented code objects:
  ‘vday_transf’
All user-level objects in a package should have documentation entries.
See chapter ‘Writing R documentation files’ in the ‘Writing R
Extensions’ manual.
* checking examples ... NONE
* DONE
Status: 1 WARNING, 1 NOTE
